{"/Users/kenichibeveridge/code/chungus84/my-days-v2/frontend/asyncFunctions/habitAPICalls.js": {"path":"/Users/kenichibeveridge/code/chungus84/my-days-v2/frontend/asyncFunctions/habitAPICalls.js","statementMap":{"0":{"start":{"line":3,"column":25},"end":{"line":19,"column":1}},"1":{"start":{"line":4,"column":4},"end":{"line":18,"column":5}},"2":{"start":{"line":5,"column":20},"end":{"line":5,"column":67}},"3":{"start":{"line":7,"column":8},"end":{"line":7,"column":109}},"4":{"start":{"line":7,"column":61},"end":{"line":7,"column":109}},"5":{"start":{"line":8,"column":8},"end":{"line":8,"column":76}},"6":{"start":{"line":10,"column":8},"end":{"line":17,"column":9}},"7":{"start":{"line":21,"column":27},"end":{"line":34,"column":1}},"8":{"start":{"line":22,"column":4},"end":{"line":33,"column":5}},"9":{"start":{"line":23,"column":20},"end":{"line":23,"column":81}},"10":{"start":{"line":24,"column":8},"end":{"line":24,"column":55}},"11":{"start":{"line":26,"column":8},"end":{"line":32,"column":9}}},"fnMap":{"0":{"name":"(anonymous_0)","decl":{"start":{"line":3,"column":25},"end":{"line":3,"column":26}},"loc":{"start":{"line":3,"column":37},"end":{"line":19,"column":1}}},"1":{"name":"(anonymous_1)","decl":{"start":{"line":21,"column":27},"end":{"line":21,"column":28}},"loc":{"start":{"line":21,"column":42},"end":{"line":34,"column":1}}}},"branchMap":{"0":{"loc":{"start":{"line":7,"column":8},"end":{"line":7,"column":109}},"type":"if","locations":[{"start":{"line":7,"column":8},"end":{"line":7,"column":109}},{"start":{"line":7,"column":8},"end":{"line":7,"column":109}}]},"1":{"loc":{"start":{"line":7,"column":12},"end":{"line":7,"column":59}},"type":"binary-expr","locations":[{"start":{"line":7,"column":12},"end":{"line":7,"column":35}},{"start":{"line":7,"column":39},"end":{"line":7,"column":59}}]},"2":{"loc":{"start":{"line":12,"column":20},"end":{"line":12,"column":47}},"type":"binary-expr","locations":[{"start":{"line":12,"column":20},"end":{"line":12,"column":40}},{"start":{"line":12,"column":44},"end":{"line":12,"column":47}}]},"3":{"loc":{"start":{"line":15,"column":65},"end":{"line":15,"column":100}},"type":"binary-expr","locations":[{"start":{"line":15,"column":65},"end":{"line":15,"column":76}},{"start":{"line":15,"column":80},"end":{"line":15,"column":100}}]}},"s":{"0":1,"1":4,"2":4,"3":3,"4":2,"5":1,"6":2,"7":1,"8":4,"9":4,"10":3,"11":3},"f":{"0":4,"1":4},"b":{"0":[2,1],"1":[3,3],"2":[2,1],"3":[2,1]}}
,"/Users/kenichibeveridge/code/chungus84/my-days-v2/frontend/src/App.jsx": {"path":"/Users/kenichibeveridge/code/chungus84/my-days-v2/frontend/src/App.jsx","statementMap":{"0":{"start":{"line":18,"column":32},"end":{"line":18,"column":null}},"1":{"start":{"line":19,"column":30},"end":{"line":19,"column":null}},"2":{"start":{"line":20,"column":40},"end":{"line":20,"column":null}},"3":{"start":{"line":24,"column":28},"end":{"line":41,"column":null}},"4":{"start":{"line":25,"column":39},"end":{"line":25,"column":null}},"5":{"start":{"line":26,"column":8},"end":{"line":30,"column":null}},"6":{"start":{"line":27,"column":32},"end":{"line":27,"column":null}},"7":{"start":{"line":28,"column":12},"end":{"line":28,"column":null}},"8":{"start":{"line":29,"column":12},"end":{"line":29,"column":null}},"9":{"start":{"line":32,"column":26},"end":{"line":32,"column":null}},"10":{"start":{"line":35,"column":8},"end":{"line":35,"column":null}},"11":{"start":{"line":36,"column":8},"end":{"line":36,"column":null}},"12":{"start":{"line":43,"column":4},"end":{"line":46,"column":null}},"13":{"start":{"line":44,"column":8},"end":{"line":44,"column":null}},"14":{"start":{"line":48,"column":4},"end":{"line":57,"column":null}}},"fnMap":{"0":{"name":"App","decl":{"start":{"line":17,"column":9},"end":{"line":17,"column":15}},"loc":{"start":{"line":17,"column":15},"end":{"line":59,"column":null}}},"1":{"name":"(anonymous_1)","decl":{"start":{"line":24,"column":28},"end":{"line":24,"column":40}},"loc":{"start":{"line":24,"column":40},"end":{"line":41,"column":null}}},"2":{"name":"(anonymous_2)","decl":{"start":{"line":43,"column":14},"end":{"line":43,"column":20}},"loc":{"start":{"line":43,"column":20},"end":{"line":46,"column":7}}}},"branchMap":{"0":{"loc":{"start":{"line":26,"column":8},"end":{"line":30,"column":null}},"type":"if","locations":[{"start":{"line":26,"column":8},"end":{"line":30,"column":null}},{"start":{"line":26,"column":8},"end":{"line":30,"column":null}}]},"1":{"loc":{"start":{"line":32,"column":26},"end":{"line":32,"column":null}},"type":"cond-expr","locations":[{"start":{"line":32,"column":59},"end":{"line":32,"column":91}},{"start":{"line":32,"column":91},"end":{"line":32,"column":null}}]}},"s":{"0":4,"1":4,"2":4,"3":4,"4":2,"5":2,"6":1,"7":1,"8":1,"9":2,"10":2,"11":2,"12":4,"13":2,"14":4},"f":{"0":4,"1":2,"2":2},"b":{"0":[1,1],"1":[1,1]}}
,"/Users/kenichibeveridge/code/chungus84/my-days-v2/frontend/src/HabitPage.jsx": {"path":"/Users/kenichibeveridge/code/chungus84/my-days-v2/frontend/src/HabitPage.jsx","statementMap":{"0":{"start":{"line":5,"column":18},"end":{"line":17,"column":null}},"1":{"start":{"line":7,"column":42},"end":{"line":7,"column":null}},"2":{"start":{"line":10,"column":4},"end":{"line":14,"column":null}},"3":{"start":{"line":19,"column":0},"end":{"line":21,"column":null}}},"fnMap":{"0":{"name":"(anonymous_0)","decl":{"start":{"line":5,"column":18},"end":{"line":5,"column":19}},"loc":{"start":{"line":5,"column":32},"end":{"line":17,"column":null}}}},"branchMap":{},"s":{"0":2,"1":5,"2":5,"3":2},"f":{"0":5},"b":{}}
,"/Users/kenichibeveridge/code/chungus84/my-days-v2/frontend/src/Components/HabitCard.jsx": {"path":"/Users/kenichibeveridge/code/chungus84/my-days-v2/frontend/src/Components/HabitCard.jsx","statementMap":{"0":{"start":{"line":4,"column":18},"end":{"line":23,"column":null}},"1":{"start":{"line":6,"column":21},"end":{"line":6,"column":null}},"2":{"start":{"line":8,"column":29},"end":{"line":8,"column":null}},"3":{"start":{"line":9,"column":4},"end":{"line":9,"column":null}},"4":{"start":{"line":10,"column":4},"end":{"line":20,"column":null}},"5":{"start":{"line":13,"column":28},"end":{"line":13,"column":null}}},"fnMap":{"0":{"name":"(anonymous_0)","decl":{"start":{"line":4,"column":18},"end":{"line":4,"column":19}},"loc":{"start":{"line":4,"column":34},"end":{"line":23,"column":null}}},"1":{"name":"(anonymous_1)","decl":{"start":{"line":13,"column":22},"end":{"line":13,"column":28}},"loc":{"start":{"line":13,"column":28},"end":{"line":13,"column":null}}}},"branchMap":{},"s":{"0":6,"1":5,"2":5,"3":5,"4":5,"5":1},"f":{"0":5,"1":1},"b":{}}
,"/Users/kenichibeveridge/code/chungus84/my-days-v2/frontend/src/Components/HabitChart.jsx": {"path":"/Users/kenichibeveridge/code/chungus84/my-days-v2/frontend/src/Components/HabitChart.jsx","statementMap":{"0":{"start":{"line":8,"column":19},"end":{"line":67,"column":null}},"1":{"start":{"line":10,"column":4},"end":{"line":10,"column":null}},"2":{"start":{"line":14,"column":17},"end":{"line":19,"column":null}},"3":{"start":{"line":21,"column":15},"end":{"line":21,"column":null}},"4":{"start":{"line":22,"column":15},"end":{"line":22,"column":null}},"5":{"start":{"line":24,"column":19},"end":{"line":24,"column":null}},"6":{"start":{"line":25,"column":17},"end":{"line":25,"column":null}},"7":{"start":{"line":26,"column":15},"end":{"line":26,"column":null}},"8":{"start":{"line":28,"column":4},"end":{"line":28,"column":null}},"9":{"start":{"line":30,"column":17},"end":{"line":33,"column":null}},"10":{"start":{"line":32,"column":41},"end":{"line":32,"column":65}},"11":{"start":{"line":35,"column":17},"end":{"line":38,"column":null}},"12":{"start":{"line":37,"column":42},"end":{"line":37,"column":49}},"13":{"start":{"line":40,"column":4},"end":{"line":40,"column":null}},"14":{"start":{"line":42,"column":15},"end":{"line":45,"column":null}},"15":{"start":{"line":44,"column":18},"end":{"line":44,"column":42}},"16":{"start":{"line":45,"column":18},"end":{"line":45,"column":33}},"17":{"start":{"line":47,"column":12},"end":{"line":47,"column":null}},"18":{"start":{"line":52,"column":4},"end":{"line":52,"column":null}},"19":{"start":{"line":52,"column":20},"end":{"line":52,"column":168}},"20":{"start":{"line":52,"column":138},"end":{"line":52,"column":162}},"21":{"start":{"line":53,"column":4},"end":{"line":53,"column":null}},"22":{"start":{"line":53,"column":20},"end":{"line":53,"column":74}},"23":{"start":{"line":55,"column":4},"end":{"line":64,"column":null}}},"fnMap":{"0":{"name":"(anonymous_0)","decl":{"start":{"line":8,"column":19},"end":{"line":8,"column":20}},"loc":{"start":{"line":8,"column":48},"end":{"line":67,"column":null}}},"1":{"name":"(anonymous_1)","decl":{"start":{"line":32,"column":32},"end":{"line":32,"column":33}},"loc":{"start":{"line":32,"column":39},"end":{"line":32,"column":66}}},"2":{"name":"(anonymous_2)","decl":{"start":{"line":37,"column":35},"end":{"line":37,"column":36}},"loc":{"start":{"line":37,"column":42},"end":{"line":37,"column":49}}},"3":{"name":"(anonymous_3)","decl":{"start":{"line":44,"column":11},"end":{"line":44,"column":12}},"loc":{"start":{"line":44,"column":18},"end":{"line":44,"column":42}}},"4":{"name":"(anonymous_4)","decl":{"start":{"line":45,"column":11},"end":{"line":45,"column":12}},"loc":{"start":{"line":45,"column":18},"end":{"line":45,"column":33}}},"5":{"name":"(anonymous_5)","decl":{"start":{"line":52,"column":14},"end":{"line":52,"column":20}},"loc":{"start":{"line":52,"column":20},"end":{"line":52,"column":168}}},"6":{"name":"(anonymous_6)","decl":{"start":{"line":52,"column":129},"end":{"line":52,"column":130}},"loc":{"start":{"line":52,"column":136},"end":{"line":52,"column":163}}},"7":{"name":"(anonymous_7)","decl":{"start":{"line":53,"column":14},"end":{"line":53,"column":20}},"loc":{"start":{"line":53,"column":20},"end":{"line":53,"column":74}}}},"branchMap":{},"s":{"0":3,"1":1,"2":1,"3":1,"4":1,"5":1,"6":1,"7":1,"8":1,"9":1,"10":3,"11":1,"12":3,"13":1,"14":1,"15":3,"16":3,"17":1,"18":1,"19":1,"20":3,"21":1,"22":1,"23":1},"f":{"0":1,"1":3,"2":3,"3":3,"4":3,"5":1,"6":3,"7":1},"b":{}}
,"/Users/kenichibeveridge/code/chungus84/my-days-v2/frontend/src/Components/HabitFeed.jsx": {"path":"/Users/kenichibeveridge/code/chungus84/my-days-v2/frontend/src/Components/HabitFeed.jsx","statementMap":{"0":{"start":{"line":9,"column":18},"end":{"line":45,"column":null}},"1":{"start":{"line":13,"column":27},"end":{"line":13,"column":null}},"2":{"start":{"line":14,"column":19},"end":{"line":14,"column":null}},"3":{"start":{"line":18,"column":4},"end":{"line":20,"column":null}},"4":{"start":{"line":22,"column":26},"end":{"line":35,"column":null}},"5":{"start":{"line":23,"column":8},"end":{"line":34,"column":null}},"6":{"start":{"line":24,"column":36},"end":{"line":24,"column":null}},"7":{"start":{"line":25,"column":12},"end":{"line":28,"column":null}},"8":{"start":{"line":27,"column":16},"end":{"line":27,"column":null}},"9":{"start":{"line":32,"column":12},"end":{"line":32,"column":null}},"10":{"start":{"line":36,"column":4},"end":{"line":42,"column":null}}},"fnMap":{"0":{"name":"(anonymous_0)","decl":{"start":{"line":9,"column":18},"end":{"line":9,"column":19}},"loc":{"start":{"line":9,"column":32},"end":{"line":45,"column":null}}},"1":{"name":"(anonymous_1)","decl":{"start":{"line":18,"column":14},"end":{"line":18,"column":20}},"loc":{"start":{"line":18,"column":20},"end":{"line":20,"column":7}}},"2":{"name":"(anonymous_2)","decl":{"start":{"line":22,"column":26},"end":{"line":22,"column":27}},"loc":{"start":{"line":22,"column":55},"end":{"line":35,"column":null}}},"3":{"name":"(anonymous_3)","decl":{"start":{"line":25,"column":54},"end":{"line":25,"column":63}},"loc":{"start":{"line":25,"column":63},"end":{"line":28,"column":13}}}},"branchMap":{"0":{"loc":{"start":{"line":23,"column":8},"end":{"line":34,"column":null}},"type":"if","locations":[{"start":{"line":23,"column":8},"end":{"line":34,"column":null}},{"start":{"line":23,"column":8},"end":{"line":34,"column":null}}]}},"s":{"0":3,"1":6,"2":6,"3":6,"4":6,"5":6,"6":2,"7":2,"8":2,"9":2,"10":6},"f":{"0":6,"1":6,"2":6,"3":2},"b":{"0":[2,4]}}
,"/Users/kenichibeveridge/code/chungus84/my-days-v2/frontend/src/Components/HabitSummary.jsx": {"path":"/Users/kenichibeveridge/code/chungus84/my-days-v2/frontend/src/Components/HabitSummary.jsx","statementMap":{"0":{"start":{"line":13,"column":21},"end":{"line":66,"column":null}},"1":{"start":{"line":15,"column":24},"end":{"line":15,"column":null}},"2":{"start":{"line":17,"column":15},"end":{"line":17,"column":null}},"3":{"start":{"line":18,"column":21},"end":{"line":18,"column":null}},"4":{"start":{"line":20,"column":35},"end":{"line":20,"column":null}},"5":{"start":{"line":25,"column":22},"end":{"line":28,"column":null}},"6":{"start":{"line":26,"column":8},"end":{"line":26,"column":null}},"7":{"start":{"line":27,"column":8},"end":{"line":27,"column":null}},"8":{"start":{"line":27,"column":41},"end":{"line":27,"column":null}},"9":{"start":{"line":32,"column":21},"end":{"line":34,"column":null}},"10":{"start":{"line":33,"column":8},"end":{"line":33,"column":null}},"11":{"start":{"line":33,"column":41},"end":{"line":33,"column":null}},"12":{"start":{"line":38,"column":4},"end":{"line":63,"column":null}},"13":{"start":{"line":41,"column":33},"end":{"line":41,"column":49}}},"fnMap":{"0":{"name":"(anonymous_0)","decl":{"start":{"line":13,"column":21},"end":{"line":13,"column":22}},"loc":{"start":{"line":13,"column":31},"end":{"line":66,"column":null}}},"1":{"name":"(anonymous_1)","decl":{"start":{"line":25,"column":38},"end":{"line":25,"column":45}},"loc":{"start":{"line":25,"column":45},"end":{"line":28,"column":5}}},"2":{"name":"(anonymous_2)","decl":{"start":{"line":32,"column":35},"end":{"line":32,"column":42}},"loc":{"start":{"line":32,"column":42},"end":{"line":34,"column":5}}},"3":{"name":"(anonymous_3)","decl":{"start":{"line":41,"column":27},"end":{"line":41,"column":33}},"loc":{"start":{"line":41,"column":33},"end":{"line":41,"column":49}}}},"branchMap":{"0":{"loc":{"start":{"line":27,"column":8},"end":{"line":27,"column":null}},"type":"if","locations":[{"start":{"line":27,"column":8},"end":{"line":27,"column":null}},{"start":{"line":27,"column":8},"end":{"line":27,"column":null}}]},"1":{"loc":{"start":{"line":33,"column":8},"end":{"line":33,"column":null}},"type":"if","locations":[{"start":{"line":33,"column":8},"end":{"line":33,"column":null}},{"start":{"line":33,"column":8},"end":{"line":33,"column":null}}]},"2":{"loc":{"start":{"line":50,"column":21},"end":{"line":52,"column":null}},"type":"binary-expr","locations":[{"start":{"line":50,"column":21},"end":{"line":50,"column":null}},{"start":{"line":52,"column":24},"end":{"line":52,"column":null}}]}},"s":{"0":2,"1":2,"2":2,"3":2,"4":2,"5":2,"6":2,"7":2,"8":2,"9":2,"10":6,"11":6,"12":2,"13":0},"f":{"0":2,"1":2,"2":6,"3":0},"b":{"0":[2,0],"1":[6,0],"2":[2,0]}}
,"/Users/kenichibeveridge/code/chungus84/my-days-v2/frontend/src/Components/Header.jsx": {"path":"/Users/kenichibeveridge/code/chungus84/my-days-v2/frontend/src/Components/Header.jsx","statementMap":{"0":{"start":{"line":4,"column":15},"end":{"line":19,"column":null}},"1":{"start":{"line":5,"column":4},"end":{"line":16,"column":null}}},"fnMap":{"0":{"name":"(anonymous_0)","decl":{"start":{"line":4,"column":15},"end":{"line":4,"column":21}},"loc":{"start":{"line":4,"column":21},"end":{"line":19,"column":null}}}},"branchMap":{},"s":{"0":1,"1":4},"f":{"0":4},"b":{}}
,"/Users/kenichibeveridge/code/chungus84/my-days-v2/frontend/src/Components/MetricCard.jsx": {"path":"/Users/kenichibeveridge/code/chungus84/my-days-v2/frontend/src/Components/MetricCard.jsx","statementMap":{"0":{"start":{"line":3,"column":19},"end":{"line":12,"column":null}},"1":{"start":{"line":4,"column":4},"end":{"line":4,"column":null}},"2":{"start":{"line":6,"column":4},"end":{"line":10,"column":null}}},"fnMap":{"0":{"name":"(anonymous_0)","decl":{"start":{"line":3,"column":19},"end":{"line":3,"column":20}},"loc":{"start":{"line":3,"column":29},"end":{"line":12,"column":null}}}},"branchMap":{"0":{"loc":{"start":{"line":9,"column":39},"end":{"line":9,"column":88}},"type":"cond-expr","locations":[{"start":{"line":9,"column":72},"end":{"line":9,"column":81}},{"start":{"line":9,"column":81},"end":{"line":9,"column":88}}]}},"s":{"0":2,"1":4,"2":4},"f":{"0":4},"b":{"0":[2,2]}}
,"/Users/kenichibeveridge/code/chungus84/my-days-v2/frontend/src/Components/utils/habit.model.js": {"path":"/Users/kenichibeveridge/code/chungus84/my-days-v2/frontend/src/Components/utils/habit.model.js","statementMap":{"0":{"start":{"line":3,"column":8},"end":{"line":3,"column":23}},"1":{"start":{"line":4,"column":8},"end":{"line":4,"column":25}},"2":{"start":{"line":5,"column":8},"end":{"line":5,"column":31}},"3":{"start":{"line":6,"column":8},"end":{"line":6,"column":33}},"4":{"start":{"line":7,"column":8},"end":{"line":7,"column":35}}},"fnMap":{"0":{"name":"(anonymous_0)","decl":{"start":{"line":2,"column":4},"end":{"line":2,"column":15}},"loc":{"start":{"line":2,"column":57},"end":{"line":8,"column":5}}}},"branchMap":{},"s":{"0":2,"1":2,"2":2,"3":2,"4":2},"f":{"0":2},"b":{}}
,"/Users/kenichibeveridge/code/chungus84/my-days-v2/frontend/src/Components/utils/helper.js": {"path":"/Users/kenichibeveridge/code/chungus84/my-days-v2/frontend/src/Components/utils/helper.js","statementMap":{"0":{"start":{"line":5,"column":26},"end":{"line":9,"column":1}},"1":{"start":{"line":6,"column":16},"end":{"line":6,"column":17}},"2":{"start":{"line":7,"column":4},"end":{"line":7,"column":53}},"3":{"start":{"line":7,"column":29},"end":{"line":7,"column":49}},"4":{"start":{"line":8,"column":4},"end":{"line":8,"column":16}},"5":{"start":{"line":11,"column":25},"end":{"line":22,"column":1}},"6":{"start":{"line":12,"column":16},"end":{"line":12,"column":17}},"7":{"start":{"line":13,"column":21},"end":{"line":13,"column":23}},"8":{"start":{"line":14,"column":21},"end":{"line":14,"column":30}},"9":{"start":{"line":15,"column":4},"end":{"line":17,"column":6}},"10":{"start":{"line":16,"column":8},"end":{"line":16,"column":33}},"11":{"start":{"line":19,"column":4},"end":{"line":19,"column":67}},"12":{"start":{"line":19,"column":26},"end":{"line":19,"column":66}},"13":{"start":{"line":21,"column":4},"end":{"line":21,"column":19}},"14":{"start":{"line":24,"column":31},"end":{"line":30,"column":1}},"15":{"start":{"line":25,"column":17},"end":{"line":25,"column":19}},"16":{"start":{"line":26,"column":4},"end":{"line":26,"column":88}},"17":{"start":{"line":26,"column":29},"end":{"line":26,"column":85}},"18":{"start":{"line":28,"column":4},"end":{"line":28,"column":17}}},"fnMap":{"0":{"name":"(anonymous_0)","decl":{"start":{"line":5,"column":26},"end":{"line":5,"column":27}},"loc":{"start":{"line":5,"column":45},"end":{"line":9,"column":1}}},"1":{"name":"(anonymous_1)","decl":{"start":{"line":7,"column":18},"end":{"line":7,"column":19}},"loc":{"start":{"line":7,"column":27},"end":{"line":7,"column":51}}},"2":{"name":"(anonymous_2)","decl":{"start":{"line":11,"column":25},"end":{"line":11,"column":26}},"loc":{"start":{"line":11,"column":41},"end":{"line":22,"column":1}}},"3":{"name":"(anonymous_3)","decl":{"start":{"line":15,"column":23},"end":{"line":15,"column":28}},"loc":{"start":{"line":15,"column":32},"end":{"line":17,"column":5}}},"4":{"name":"(anonymous_4)","decl":{"start":{"line":19,"column":21},"end":{"line":19,"column":22}},"loc":{"start":{"line":19,"column":26},"end":{"line":19,"column":66}}},"5":{"name":"(anonymous_5)","decl":{"start":{"line":24,"column":31},"end":{"line":24,"column":32}},"loc":{"start":{"line":24,"column":50},"end":{"line":30,"column":1}}},"6":{"name":"(anonymous_6)","decl":{"start":{"line":26,"column":18},"end":{"line":26,"column":19}},"loc":{"start":{"line":26,"column":27},"end":{"line":26,"column":87}}}},"branchMap":{},"s":{"0":3,"1":10,"2":10,"3":30,"4":10,"5":3,"6":3,"7":3,"8":3,"9":3,"10":8,"11":3,"12":3,"13":3,"14":3,"15":1,"16":1,"17":3,"18":1},"f":{"0":10,"1":30,"2":3,"3":8,"4":3,"5":1,"6":3},"b":{}}
}
